<?xml version="1.0" encoding="utf-8"?><testsuites name="pytest tests"><testsuite name="pytest" errors="0" failures="0" skipped="0" tests="12" time="3.793" timestamp="2026-09-24T04:37:06.356875+00:00" hostname="agent-env-33566611-3f01-4793-8c87-48c22e8c14ba"><testcase classname="tests.test_tindak_lanjut_pustu.TestTLAuth" name="test_sumber_requires_admin" time="0.635" /><testcase classname="tests.test_tindak_lanjut_pustu.TestTLAuth" name="test_list_requires_admin" time="0.119" /><testcase classname="tests.test_tindak_lanjut_pustu.TestTLCRUD" name="test_get_sumber_shape" time="1.142" /><testcase classname="tests.test_tindak_lanjut_pustu.TestTLAuth" name="test_create_requires_admin" time="0.128" /><testcase classname="tests.test_tindak_lanjut_pustu.TestTLAuth" name="test_no_auth" time="0.138" /><testcase classname="tests.test_tindak_lanjut_pustu.TestTBCMasterGroup" name="test_tbc_group_has_questions" time="0.135" /><testcase classname="tests.test_tindak_lanjut_pustu.TestTLCRUD" name="test_list_initial" time="0.112" /><testcase classname="tests.test_tindak_lanjut_pustu.TestTBCMasterGroup" name="test_tbc_group_listed_in_groups" time="0.167" /><testcase classname="tests.test_tindak_lanjut_pustu.TestTLCRUD" name="test_create_validation_missing_fields" time="0.336" /><testcase classname="tests.test_tindak_lanjut_pustu.TestTLCRUD" name="test_full_crud_manual" time="0.716" /><testcase classname="tests.test_tindak_lanjut_pustu.TestTLCRUD" name="test_create_from_kasus_marks_sudah_ada_tl" time="0.875" /><testcase classname="tests.test_tindak_lanjut_pustu.TestTLCRUD" name="test_delete_nonexistent_404" time="0.113" /></testsuite></testsuites>